2024-06-12T10:11:14.340+05:30  INFO 17904 --- [AssignmentFinal] [main] c.MyKarsol.AssignmentFinalApplication    : Starting AssignmentFinalApplication using Java 17.0.8 with PID 17904 (D:\Test\AssignmentFinal\target\classes started by SHUBHAM SHARMA in D:\Test\AssignmentFinal)
2024-06-12T10:11:14.347+05:30  INFO 17904 --- [AssignmentFinal] [main] c.MyKarsol.AssignmentFinalApplication    : No active profile set, falling back to 1 default profile: "default"
2024-06-12T10:11:15.679+05:30  INFO 17904 --- [AssignmentFinal] [main] .s.d.r.c.RepositoryConfigurationDelegate : Bootstrapping Spring Data JPA repositories in DEFAULT mode.
2024-06-12T10:11:15.869+05:30  INFO 17904 --- [AssignmentFinal] [main] .s.d.r.c.RepositoryConfigurationDelegate : Finished Spring Data repository scanning in 119 ms. Found 1 JPA repository interface.
2024-06-12T10:11:17.194+05:30  INFO 17904 --- [AssignmentFinal] [main] o.s.b.w.embedded.tomcat.TomcatWebServer  : Tomcat initialized with port 9090 (http)
2024-06-12T10:11:17.272+05:30  INFO 17904 --- [AssignmentFinal] [main] o.apache.catalina.core.StandardService   : Starting service [Tomcat]
2024-06-12T10:11:17.273+05:30  INFO 17904 --- [AssignmentFinal] [main] o.apache.catalina.core.StandardEngine    : Starting Servlet engine: [Apache Tomcat/10.1.24]
2024-06-12T10:11:17.452+05:30  INFO 17904 --- [AssignmentFinal] [main] o.a.c.c.C.[Tomcat].[localhost].[/]       : Initializing Spring embedded WebApplicationContext
2024-06-12T10:11:17.453+05:30  INFO 17904 --- [AssignmentFinal] [main] w.s.c.ServletWebServerApplicationContext : Root WebApplicationContext: initialization completed in 3009 ms
2024-06-12T10:11:17.783+05:30  INFO 17904 --- [AssignmentFinal] [main] o.hibernate.jpa.internal.util.LogHelper  : HHH000204: Processing PersistenceUnitInfo [name: default]
2024-06-12T10:11:17.925+05:30  INFO 17904 --- [AssignmentFinal] [main] org.hibernate.Version                    : HHH000412: Hibernate ORM core version 6.5.2.Final
2024-06-12T10:11:18.000+05:30  INFO 17904 --- [AssignmentFinal] [main] o.h.c.internal.RegionFactoryInitiator    : HHH000026: Second-level cache disabled
2024-06-12T10:11:18.652+05:30  INFO 17904 --- [AssignmentFinal] [main] o.s.o.j.p.SpringPersistenceUnitInfo      : No LoadTimeWeaver setup: ignoring JPA class transformer
2024-06-12T10:11:18.710+05:30  INFO 17904 --- [AssignmentFinal] [main] com.zaxxer.hikari.HikariDataSource       : HikariPool-1 - Starting...
2024-06-12T10:11:19.312+05:30  INFO 17904 --- [AssignmentFinal] [main] com.zaxxer.hikari.pool.HikariPool        : HikariPool-1 - Added connection com.mysql.cj.jdbc.ConnectionImpl@18989e0
2024-06-12T10:11:19.315+05:30  INFO 17904 --- [AssignmentFinal] [main] com.zaxxer.hikari.HikariDataSource       : HikariPool-1 - Start completed.
2024-06-12T10:11:19.417+05:30  WARN 17904 --- [AssignmentFinal] [main] org.hibernate.orm.deprecation            : HHH90000025: MySQL8Dialect does not need to be specified explicitly using 'hibernate.dialect' (remove the property setting and it will be selected by default)
2024-06-12T10:11:19.419+05:30  WARN 17904 --- [AssignmentFinal] [main] org.hibernate.orm.deprecation            : HHH90000026: MySQL8Dialect has been deprecated; use org.hibernate.dialect.MySQLDialect instead
2024-06-12T10:11:21.086+05:30  INFO 17904 --- [AssignmentFinal] [main] o.h.e.t.j.p.i.JtaPlatformInitiator       : HHH000489: No JTA platform available (set 'hibernate.transaction.jta.platform' to enable JTA platform integration)
2024-06-12T10:11:21.301+05:30  INFO 17904 --- [AssignmentFinal] [main] j.LocalContainerEntityManagerFactoryBean : Initialized JPA EntityManagerFactory for persistence unit 'default'
2024-06-12T10:11:21.907+05:30  WARN 17904 --- [AssignmentFinal] [main] JpaBaseConfiguration$JpaWebConfiguration : spring.jpa.open-in-view is enabled by default. Therefore, database queries may be performed during view rendering. Explicitly configure spring.jpa.open-in-view to disable this warning
2024-06-12T10:11:22.508+05:30  INFO 17904 --- [AssignmentFinal] [main] o.s.b.w.embedded.tomcat.TomcatWebServer  : Tomcat started on port 9090 (http) with context path '/'
2024-06-12T10:11:22.551+05:30  INFO 17904 --- [AssignmentFinal] [main] c.MyKarsol.AssignmentFinalApplication    : Started AssignmentFinalApplication in 9.018 seconds (process running for 9.751)
"2024-06-12 [main] INFO  c.M.AssignmentFinalApplication - Starting AssignmentFinalApplication using Java 17.0.8 with PID 19656 (D:\Test\AssignmentFinal\target\classes started by SHUBHAM SHARMA in D:\Test\AssignmentFinal)
""2024-06-12 [main] INFO  c.M.AssignmentFinalApplication - No active profile set, falling back to 1 default profile: "default"
""2024-06-12 [main] INFO  o.s.d.r.c.RepositoryConfigurationDelegate - Bootstrapping Spring Data JPA repositories in DEFAULT mode.
""2024-06-12 [main] INFO  o.s.d.r.c.RepositoryConfigurationDelegate - Finished Spring Data repository scanning in 117 ms. Found 1 JPA repository interface.
""2024-06-12 [main] INFO  o.s.b.w.e.tomcat.TomcatWebServer - Tomcat initialized with port 9090 (http)
""2024-06-12 [main] INFO  o.a.catalina.core.StandardService - Starting service [Tomcat]
""2024-06-12 [main] INFO  o.a.catalina.core.StandardEngine - Starting Servlet engine: [Apache Tomcat/10.1.24]
""2024-06-12 [main] INFO  o.a.c.c.C.[Tomcat].[localhost].[/] - Initializing Spring embedded WebApplicationContext
""2024-06-12 [main] INFO  o.s.b.w.s.c.ServletWebServerApplicationContext - Root WebApplicationContext: initialization completed in 3046 ms
""2024-06-12 [main] INFO  o.h.jpa.internal.util.LogHelper - HHH000204: Processing PersistenceUnitInfo [name: default]
""2024-06-12 [main] INFO  org.hibernate.Version - HHH000412: Hibernate ORM core version 6.5.2.Final
""2024-06-12 [main] INFO  o.h.c.i.RegionFactoryInitiator - HHH000026: Second-level cache disabled
""2024-06-12 [main] INFO  o.s.o.j.p.SpringPersistenceUnitInfo - No LoadTimeWeaver setup: ignoring JPA class transformer
""2024-06-12 [main] INFO  com.zaxxer.hikari.HikariDataSource - HikariPool-1 - Starting...
""2024-06-12 [main] INFO  com.zaxxer.hikari.pool.HikariPool - HikariPool-1 - Added connection com.mysql.cj.jdbc.ConnectionImpl@141bb6b8
""2024-06-12 [main] INFO  com.zaxxer.hikari.HikariDataSource - HikariPool-1 - Start completed.
""2024-06-12 [main] WARN  org.hibernate.orm.deprecation - HHH90000025: MySQL8Dialect does not need to be specified explicitly using 'hibernate.dialect' (remove the property setting and it will be selected by default)
""2024-06-12 [main] WARN  org.hibernate.orm.deprecation - HHH90000026: MySQL8Dialect has been deprecated; use org.hibernate.dialect.MySQLDialect instead
""2024-06-12 [main] INFO  o.h.e.t.j.p.i.JtaPlatformInitiator - HHH000489: No JTA platform available (set 'hibernate.transaction.jta.platform' to enable JTA platform integration)
""2024-06-12 [main] INFO  o.s.o.j.LocalContainerEntityManagerFactoryBean - Initialized JPA EntityManagerFactory for persistence unit 'default'
""2024-06-12 [main] WARN  o.s.b.a.o.j.JpaBaseConfiguration$JpaWebConfiguration - spring.jpa.open-in-view is enabled by default. Therefore, database queries may be performed during view rendering. Explicitly configure spring.jpa.open-in-view to disable this warning
""2024-06-12 [main] INFO  o.s.b.w.e.tomcat.TomcatWebServer - Tomcat started on port 9090 (http) with context path '/'
""2024-06-12 [main] INFO  c.M.AssignmentFinalApplication - Started AssignmentFinalApplication in 9.011 seconds (process running for 9.84)
""2024-06-12 [HikariPool-1 housekeeper] WARN  com.zaxxer.hikari.pool.HikariPool - HikariPool-1 - Thread starvation or clock leap detected (housekeeper delta=22m38s333ms11µs900ns).
""2024-06-12 [main] INFO  c.M.AssignmentFinalApplication - Starting AssignmentFinalApplication using Java 17.0.8 with PID 38884 (D:\Test\AssignmentFinal\target\classes started by SHUBHAM SHARMA in D:\Test\AssignmentFinal)
""2024-06-12 [main] INFO  c.M.AssignmentFinalApplication - No active profile set, falling back to 1 default profile: "default"
""2024-06-12 [main] INFO  o.s.d.r.c.RepositoryConfigurationDelegate - Bootstrapping Spring Data JPA repositories in DEFAULT mode.
""2024-06-12 [main] INFO  o.s.d.r.c.RepositoryConfigurationDelegate - Finished Spring Data repository scanning in 105 ms. Found 1 JPA repository interface.
""2024-06-12 [main] INFO  o.s.b.w.e.tomcat.TomcatWebServer - Tomcat initialized with port 9090 (http)
""2024-06-12 [main] INFO  o.a.catalina.core.StandardService - Starting service [Tomcat]
""2024-06-12 [main] INFO  o.a.catalina.core.StandardEngine - Starting Servlet engine: [Apache Tomcat/10.1.24]
""2024-06-12 [main] INFO  o.a.c.c.C.[Tomcat].[localhost].[/] - Initializing Spring embedded WebApplicationContext
""2024-06-12 [main] INFO  o.s.b.w.s.c.ServletWebServerApplicationContext - Root WebApplicationContext: initialization completed in 2868 ms
""2024-06-12 [main] INFO  o.h.jpa.internal.util.LogHelper - HHH000204: Processing PersistenceUnitInfo [name: default]
""2024-06-12 [main] INFO  org.hibernate.Version - HHH000412: Hibernate ORM core version 6.5.2.Final
""2024-06-12 [main] INFO  o.h.c.i.RegionFactoryInitiator - HHH000026: Second-level cache disabled
""2024-06-12 [main] INFO  o.s.o.j.p.SpringPersistenceUnitInfo - No LoadTimeWeaver setup: ignoring JPA class transformer
""2024-06-12 [main] INFO  com.zaxxer.hikari.HikariDataSource - HikariPool-1 - Starting...
""2024-06-12 [main] INFO  com.zaxxer.hikari.pool.HikariPool - HikariPool-1 - Added connection com.mysql.cj.jdbc.ConnectionImpl@2c9cafa5
""2024-06-12 [main] INFO  com.zaxxer.hikari.HikariDataSource - HikariPool-1 - Start completed.
""2024-06-12 [main] WARN  org.hibernate.orm.deprecation - HHH90000025: MySQL8Dialect does not need to be specified explicitly using 'hibernate.dialect' (remove the property setting and it will be selected by default)
""2024-06-12 [main] WARN  org.hibernate.orm.deprecation - HHH90000026: MySQL8Dialect has been deprecated; use org.hibernate.dialect.MySQLDialect instead
""2024-06-12 [main] INFO  o.h.e.t.j.p.i.JtaPlatformInitiator - HHH000489: No JTA platform available (set 'hibernate.transaction.jta.platform' to enable JTA platform integration)
""2024-06-12 [main] INFO  o.s.o.j.LocalContainerEntityManagerFactoryBean - Initialized JPA EntityManagerFactory for persistence unit 'default'
""2024-06-12 [main] WARN  o.s.b.a.o.j.JpaBaseConfiguration$JpaWebConfiguration - spring.jpa.open-in-view is enabled by default. Therefore, database queries may be performed during view rendering. Explicitly configure spring.jpa.open-in-view to disable this warning
""2024-06-12 [main] INFO  o.s.b.w.e.tomcat.TomcatWebServer - Tomcat started on port 9090 (http) with context path '/'
""2024-06-12 [main] INFO  c.M.AssignmentFinalApplication - Started AssignmentFinalApplication in 9.675 seconds (process running for 10.34)
""2024-06-12 [http-nio-9090-exec-1] INFO  o.a.c.c.C.[Tomcat].[localhost].[/] - Initializing Spring DispatcherServlet 'dispatcherServlet'
""2024-06-12 [http-nio-9090-exec-1] INFO  o.s.web.servlet.DispatcherServlet - Initializing Servlet 'dispatcherServlet'
""2024-06-12 [http-nio-9090-exec-1] INFO  o.s.web.servlet.DispatcherServlet - Completed initialization in 3 ms
""2024-06-12 [http-nio-9090-exec-1] INFO  c.MyKarsol.controller.BookController - getBook Message has been called
""2024-06-12 [http-nio-9090-exec-1] ERROR c.MyKarsol.controller.BookController - check the error works
""2024-06-12 [http-nio-9090-exec-3] INFO  c.MyKarsol.controller.BookController - getBook Message has been called
""2024-06-12 [http-nio-9090-exec-3] ERROR c.MyKarsol.controller.BookController - check the error works
"